ARM GAS  C:\Users\hoodc\AppData\Local\Temp\ccUkue7T.s 			page 1


   1              		.cpu cortex-m4
   2              		.eabi_attribute 20, 1
   3              		.eabi_attribute 21, 1
   4              		.eabi_attribute 23, 3
   5              		.eabi_attribute 24, 1
   6              		.eabi_attribute 25, 1
   7              		.eabi_attribute 26, 1
   8              		.eabi_attribute 30, 1
   9              		.eabi_attribute 34, 1
  10              		.eabi_attribute 18, 4
  11              		.file	"stm32l4xx_hal_iwdg.c"
  12              		.text
  13              	.Ltext0:
  14              		.cfi_sections	.debug_frame
  15              	.Letext0:
  16              		.section	.debug_info,"",%progbits
  17              	.Ldebug_info0:
  18 0000 67000000 		.4byte	0x67
  19 0004 0200     		.2byte	0x2
  20 0006 00000000 		.4byte	.Ldebug_abbrev0
  21 000a 04       		.byte	0x4
  22 000b 01       		.uleb128 0x1
  23 000c 2B000000 		.4byte	.LASF10
  24 0010 0C       		.byte	0xc
  25 0011 B2000000 		.4byte	.LASF11
  26 0015 0C010000 		.4byte	.LASF12
  27 0019 00000000 		.4byte	.Ldebug_line0
  28 001d 02       		.uleb128 0x2
  29 001e 01       		.byte	0x1
  30 001f 06       		.byte	0x6
  31 0020 1F000000 		.4byte	.LASF0
  32 0024 02       		.uleb128 0x2
  33 0025 01       		.byte	0x1
  34 0026 08       		.byte	0x8
  35 0027 5E010000 		.4byte	.LASF1
  36 002b 02       		.uleb128 0x2
  37 002c 02       		.byte	0x2
  38 002d 05       		.byte	0x5
  39 002e EB000000 		.4byte	.LASF2
  40 0032 02       		.uleb128 0x2
  41 0033 02       		.byte	0x2
  42 0034 07       		.byte	0x7
  43 0035 81010000 		.4byte	.LASF3
  44 0039 02       		.uleb128 0x2
  45 003a 04       		.byte	0x4
  46 003b 05       		.byte	0x5
  47 003c 6C010000 		.4byte	.LASF4
  48 0040 02       		.uleb128 0x2
  49 0041 04       		.byte	0x4
  50 0042 07       		.byte	0x7
  51 0043 0D000000 		.4byte	.LASF5
  52 0047 02       		.uleb128 0x2
  53 0048 08       		.byte	0x8
  54 0049 05       		.byte	0x5
  55 004a 94010000 		.4byte	.LASF6
  56 004e 02       		.uleb128 0x2
  57 004f 08       		.byte	0x8
ARM GAS  C:\Users\hoodc\AppData\Local\Temp\ccUkue7T.s 			page 2


  58 0050 07       		.byte	0x7
  59 0051 F5000000 		.4byte	.LASF7
  60 0055 03       		.uleb128 0x3
  61 0056 04       		.byte	0x4
  62 0057 05       		.byte	0x5
  63 0058 696E7400 		.ascii	"int\000"
  64 005c 02       		.uleb128 0x2
  65 005d 04       		.byte	0x4
  66 005e 07       		.byte	0x7
  67 005f 00000000 		.4byte	.LASF8
  68 0063 02       		.uleb128 0x2
  69 0064 08       		.byte	0x8
  70 0065 04       		.byte	0x4
  71 0066 75010000 		.4byte	.LASF9
  72 006a 00       		.byte	0
  73              		.section	.debug_abbrev,"",%progbits
  74              	.Ldebug_abbrev0:
  75 0000 01       		.uleb128 0x1
  76 0001 11       		.uleb128 0x11
  77 0002 01       		.byte	0x1
  78 0003 25       		.uleb128 0x25
  79 0004 0E       		.uleb128 0xe
  80 0005 13       		.uleb128 0x13
  81 0006 0B       		.uleb128 0xb
  82 0007 03       		.uleb128 0x3
  83 0008 0E       		.uleb128 0xe
  84 0009 1B       		.uleb128 0x1b
  85 000a 0E       		.uleb128 0xe
  86 000b 10       		.uleb128 0x10
  87 000c 06       		.uleb128 0x6
  88 000d 00       		.byte	0
  89 000e 00       		.byte	0
  90 000f 02       		.uleb128 0x2
  91 0010 24       		.uleb128 0x24
  92 0011 00       		.byte	0
  93 0012 0B       		.uleb128 0xb
  94 0013 0B       		.uleb128 0xb
  95 0014 3E       		.uleb128 0x3e
  96 0015 0B       		.uleb128 0xb
  97 0016 03       		.uleb128 0x3
  98 0017 0E       		.uleb128 0xe
  99 0018 00       		.byte	0
 100 0019 00       		.byte	0
 101 001a 03       		.uleb128 0x3
 102 001b 24       		.uleb128 0x24
 103 001c 00       		.byte	0
 104 001d 0B       		.uleb128 0xb
 105 001e 0B       		.uleb128 0xb
 106 001f 3E       		.uleb128 0x3e
 107 0020 0B       		.uleb128 0xb
 108 0021 03       		.uleb128 0x3
 109 0022 08       		.uleb128 0x8
 110 0023 00       		.byte	0
 111 0024 00       		.byte	0
 112 0025 00       		.byte	0
 113              		.section	.debug_aranges,"",%progbits
 114 0000 14000000 		.4byte	0x14
ARM GAS  C:\Users\hoodc\AppData\Local\Temp\ccUkue7T.s 			page 3


 115 0004 0200     		.2byte	0x2
 116 0006 00000000 		.4byte	.Ldebug_info0
 117 000a 04       		.byte	0x4
 118 000b 00       		.byte	0
 119 000c 0000     		.2byte	0
 120 000e 0000     		.2byte	0
 121 0010 00000000 		.4byte	0
 122 0014 00000000 		.4byte	0
 123              		.section	.debug_line,"",%progbits
 124              	.Ldebug_line0:
 125 0000 19000000 		.section	.debug_str,"MS",%progbits,1
 125      03001300 
 125      00000201 
 125      FB0E0D00 
 125      01010101 
 126              	.LASF8:
 127 0000 756E7369 		.ascii	"unsigned int\000"
 127      676E6564 
 127      20696E74 
 127      00
 128              	.LASF5:
 129 000d 6C6F6E67 		.ascii	"long unsigned int\000"
 129      20756E73 
 129      69676E65 
 129      6420696E 
 129      7400
 130              	.LASF0:
 131 001f 7369676E 		.ascii	"signed char\000"
 131      65642063 
 131      68617200 
 132              	.LASF10:
 133 002b 474E5520 		.ascii	"GNU C17 10.2.1 20201103 (release) -mthumb -mapcs-fr"
 133      43313720 
 133      31302E32 
 133      2E312032 
 133      30323031 
 134 005e 616D6520 		.ascii	"ame -mthumb-interwork -mcpu=cortex-m4 -mfloat-abi=s"
 134      2D6D7468 
 134      756D622D 
 134      696E7465 
 134      72776F72 
 135 0091 6F667420 		.ascii	"oft -march=armv7e-m -gdwarf-2 -O\000"
 135      2D6D6172 
 135      63683D61 
 135      726D7637 
 135      652D6D20 
 136              	.LASF11:
 137 00b2 2E2E2F44 		.ascii	"../Drivers/STM32L4xx_HAL_Driver/Src/stm32l4xx_hal_i"
 137      72697665 
 137      72732F53 
 137      544D3332 
 137      4C347878 
 138 00e5 7764672E 		.ascii	"wdg.c\000"
 138      6300
 139              	.LASF2:
 140 00eb 73686F72 		.ascii	"short int\000"
 140      7420696E 
ARM GAS  C:\Users\hoodc\AppData\Local\Temp\ccUkue7T.s 			page 4


 140      7400
 141              	.LASF7:
 142 00f5 6C6F6E67 		.ascii	"long long unsigned int\000"
 142      206C6F6E 
 142      6720756E 
 142      7369676E 
 142      65642069 
 143              	.LASF12:
 144 010c 433A5C55 		.ascii	"C:\\Users\\hoodc\\Documents\\Github\\indago-embedde"
 144      73657273 
 144      5C686F6F 
 144      64635C44 
 144      6F63756D 
 145 013a 642D6465 		.ascii	"d-dev\\Indago-Smart-Board-v4\\MDK-ARM\000"
 145      765C496E 
 145      6461676F 
 145      2D536D61 
 145      72742D42 
 146              	.LASF1:
 147 015e 756E7369 		.ascii	"unsigned char\000"
 147      676E6564 
 147      20636861 
 147      7200
 148              	.LASF4:
 149 016c 6C6F6E67 		.ascii	"long int\000"
 149      20696E74 
 149      00
 150              	.LASF9:
 151 0175 6C6F6E67 		.ascii	"long double\000"
 151      20646F75 
 151      626C6500 
 152              	.LASF3:
 153 0181 73686F72 		.ascii	"short unsigned int\000"
 153      7420756E 
 153      7369676E 
 153      65642069 
 153      6E7400
 154              	.LASF6:
 155 0194 6C6F6E67 		.ascii	"long long int\000"
 155      206C6F6E 
 155      6720696E 
 155      7400
 156              		.ident	"GCC: (GNU Arm Embedded Toolchain 10-2020-q4-major) 10.2.1 20201103 (release)"
ARM GAS  C:\Users\hoodc\AppData\Local\Temp\ccUkue7T.s 			page 5


DEFINED SYMBOLS
                            *ABS*:00000000 stm32l4xx_hal_iwdg.c

NO UNDEFINED SYMBOLS
